1653845464982	geckodriver	INFO	Listening on 127.0.0.1:52395
1653845468042	mozrunner::runner	INFO	Running command: "C:\\Program Files\\Mozilla Firefox\\firefox.exe" "--marionette" "--headless" "--remote-debugging-port" "52396" "--remote-allow-hosts" "localhost" "-no-remote" "-profile" "C:\\Users\\NICOLA~1\\AppData\\Local\\Temp\\rust_mozprofilenTISOm"
*** You are running in headless mode.
1653845468228	Marionette	INFO	Marionette enabled
[GFX1-]: RenderCompositorSWGL failed mapping default framebuffer, no dt
console.warn: SearchSettings: "get: No settings file exists, new profile?" (new NotFoundError("Could not open the file at C:\\Users\\NICOLA~1\\AppData\\Local\\Temp\\rust_mozprofilenTISOm\\search.json.mozlz4", (void 0)))
DevTools listening on ws://localhost:52396/devtools/browser/75011c38-8edd-4bb9-8e22-029d3f21ac25
1653845468755	Marionette	INFO	Listening on port 52414
Read port: 52414
1653845468819	RemoteAgent	WARN	TLS certificate errors will be ignored for this session
1653845469919	Marionette	INFO	Stopped listening on port 52414

###!!! [Parent][PImageBridgeParent] Error: RunMessage(msgname=PImageBridge::Msg_WillClose) Channel closing: too late to send/recv, messages will be lost

1653852346776	geckodriver	INFO	Listening on 127.0.0.1:52272
1653852349848	mozrunner::runner	INFO	Running command: "C:\\Program Files\\Mozilla Firefox\\firefox.exe" "--marionette" "--headless" "--remote-debugging-port" "52273" "--remote-allow-hosts" "localhost" "-no-remote" "-profile" "C:\\Users\\NICOLA~1\\AppData\\Local\\Temp\\rust_mozprofileDIWasz"
*** You are running in headless mode.
1653852350142	Marionette	INFO	Marionette enabled
[GFX1-]: RenderCompositorSWGL failed mapping default framebuffer, no dt
console.warn: SearchSettings: "get: No settings file exists, new profile?" (new NotFoundError("Could not open the file at C:\\Users\\NICOLA~1\\AppData\\Local\\Temp\\rust_mozprofileDIWasz\\search.json.mozlz4", (void 0)))
DevTools listening on ws://localhost:52273/devtools/browser/fc8a6a66-82a9-42b4-81a5-588f635dc245
1653852350767	Marionette	INFO	Listening on port 61674
Read port: 61674
1653852350852	RemoteAgent	WARN	TLS certificate errors will be ignored for this session
1653852352098	Marionette	INFO	Stopped listening on port 61674

###!!! [Parent][PImageBridgeParent] Error: RunMessage(msgname=PImageBridge::Msg_WillClose) Channel closing: too late to send/recv, messages will be lost

